<?xml version="1.0" encoding="UTF-8"?>
<testng-results total="1" passed="1" failed="0" skipped="0">
  <reporter-output>
  </reporter-output>
  <suite started-at="2021-02-12T19:39:19Z" name="Suite" finished-at="2021-02-12T19:39:28Z" duration-ms="9221">
    <groups>
    </groups>
    <test started-at="2021-02-12T19:39:19Z" name="Test" finished-at="2021-02-12T19:39:28Z" duration-ms="9221">
      <class name="com.todos.tests.AddTodoTest">
        <test-method is-config="true" signature="SetupTest(java.lang.String)[pri:0, instance:com.todos.tests.AddTodoTest@48c76607]" started-at="2021-02-12T20:39:19Z" name="SetupTest" finished-at="2021-02-12T20:39:27Z" duration-ms="8312" status="PASS">
          <params>
            <param index="0">
              <value>
                <![CDATA[chrome]]>
              </value>
            </param>
          </params>
          <reporter-output>
          </reporter-output>
        </test-method> <!-- SetupTest -->
        <test-method signature="iCanAddTodo()[pri:0, instance:com.todos.tests.AddTodoTest@48c76607]" started-at="2021-02-12T20:39:27Z" name="iCanAddTodo" finished-at="2021-02-12T20:39:28Z" duration-ms="834" status="PASS">
          <reporter-output>
          </reporter-output>
        </test-method> <!-- iCanAddTodo -->
        <test-method is-config="true" signature="cleanTest()[pri:0, instance:com.todos.tests.AddTodoTest@48c76607]" started-at="2021-02-12T20:39:28Z" name="cleanTest" finished-at="2021-02-12T20:39:28Z" duration-ms="1" status="PASS">
          <reporter-output>
          </reporter-output>
        </test-method> <!-- cleanTest -->
      </class> <!-- com.todos.tests.AddTodoTest -->
    </test> <!-- Test -->
  </suite> <!-- Suite -->
</testng-results>
